ARM GAS  C:\Users\trand\AppData\Local\Temp\ccBJBiDa.s 			page 1


   1              		.cpu cortex-m3
   2              		.arch armv7-m
   3              		.fpu softvfp
   4              		.eabi_attribute 20, 1
   5              		.eabi_attribute 21, 1
   6              		.eabi_attribute 23, 3
   7              		.eabi_attribute 24, 1
   8              		.eabi_attribute 25, 1
   9              		.eabi_attribute 26, 1
  10              		.eabi_attribute 30, 1
  11              		.eabi_attribute 34, 1
  12              		.eabi_attribute 18, 4
  13              		.file	"main.c"
  14              		.text
  15              	.Ltext0:
  16              		.cfi_sections	.debug_frame
  17              		.file 1 "Core/Src/main.c"
  18              		.section	.text.MX_GPIO_Init,"ax",%progbits
  19              		.align	1
  20              		.syntax unified
  21              		.thumb
  22              		.thumb_func
  24              	MX_GPIO_Init:
  25              	.LFB70:
   1:Core/Src/main.c **** /* USER CODE BEGIN Header */
   2:Core/Src/main.c **** /**
   3:Core/Src/main.c ****   ******************************************************************************
   4:Core/Src/main.c ****   * @file           : main.c
   5:Core/Src/main.c ****   * @brief          : Main program body
   6:Core/Src/main.c ****   ******************************************************************************
   7:Core/Src/main.c ****   * @attention
   8:Core/Src/main.c ****   *
   9:Core/Src/main.c ****   * Copyright (c) 2024 STMicroelectronics.
  10:Core/Src/main.c ****   * All rights reserved.
  11:Core/Src/main.c ****   *
  12:Core/Src/main.c ****   * This software is licensed under terms that can be found in the LICENSE file
  13:Core/Src/main.c ****   * in the root directory of this software component.
  14:Core/Src/main.c ****   * If no LICENSE file comes with this software, it is provided AS-IS.
  15:Core/Src/main.c ****   *
  16:Core/Src/main.c ****   ******************************************************************************
  17:Core/Src/main.c ****   */
  18:Core/Src/main.c **** /* USER CODE END Header */
  19:Core/Src/main.c **** /* Includes ------------------------------------------------------------------*/
  20:Core/Src/main.c **** #include "main.h"
  21:Core/Src/main.c **** #include "stdio.h"
  22:Core/Src/main.c **** uint8_t count = 0;
  23:Core/Src/main.c **** uint8_t in = 0;
  24:Core/Src/main.c **** uint8_t out = 0;
  25:Core/Src/main.c **** uint8_t sen1 = 0;
  26:Core/Src/main.c **** uint8_t sen2 = 0;
  27:Core/Src/main.c **** /* Private includes ----------------------------------------------------------*/
  28:Core/Src/main.c **** /* USER CODE BEGIN Includes */
  29:Core/Src/main.c **** 
  30:Core/Src/main.c **** /* USER CODE END Includes */
  31:Core/Src/main.c **** 
  32:Core/Src/main.c **** /* Private typedef -----------------------------------------------------------*/
  33:Core/Src/main.c **** /* USER CODE BEGIN PTD */
ARM GAS  C:\Users\trand\AppData\Local\Temp\ccBJBiDa.s 			page 2


  34:Core/Src/main.c **** 
  35:Core/Src/main.c **** /* USER CODE END PTD */
  36:Core/Src/main.c **** 
  37:Core/Src/main.c **** /* Private define ------------------------------------------------------------*/
  38:Core/Src/main.c **** /* USER CODE BEGIN PD */
  39:Core/Src/main.c **** 
  40:Core/Src/main.c **** /* USER CODE END PD */
  41:Core/Src/main.c **** 
  42:Core/Src/main.c **** /* Private macro -------------------------------------------------------------*/
  43:Core/Src/main.c **** /* USER CODE BEGIN PM */
  44:Core/Src/main.c **** 
  45:Core/Src/main.c **** /* USER CODE END PM */
  46:Core/Src/main.c **** 
  47:Core/Src/main.c **** /* Private variables ---------------------------------------------------------*/
  48:Core/Src/main.c **** 
  49:Core/Src/main.c **** /* USER CODE BEGIN PV */
  50:Core/Src/main.c **** 
  51:Core/Src/main.c **** /* USER CODE END PV */
  52:Core/Src/main.c **** 
  53:Core/Src/main.c **** /* Private function prototypes -----------------------------------------------*/
  54:Core/Src/main.c **** void SystemClock_Config(void);
  55:Core/Src/main.c **** static void MX_GPIO_Init(void);
  56:Core/Src/main.c **** /* USER CODE BEGIN PFP */
  57:Core/Src/main.c **** 
  58:Core/Src/main.c **** /* USER CODE END PFP */
  59:Core/Src/main.c **** 
  60:Core/Src/main.c **** /* Private user code ---------------------------------------------------------*/
  61:Core/Src/main.c **** /* USER CODE BEGIN 0 */
  62:Core/Src/main.c **** 
  63:Core/Src/main.c **** /* USER CODE END 0 */
  64:Core/Src/main.c **** 
  65:Core/Src/main.c **** /**
  66:Core/Src/main.c ****   * @brief  The application entry point.
  67:Core/Src/main.c ****   * @retval int
  68:Core/Src/main.c ****   */
  69:Core/Src/main.c **** int main(void)
  70:Core/Src/main.c **** {
  71:Core/Src/main.c ****   /* USER CODE BEGIN 1 */
  72:Core/Src/main.c **** 
  73:Core/Src/main.c ****   /* USER CODE END 1 */
  74:Core/Src/main.c **** 
  75:Core/Src/main.c ****   /* MCU Configuration--------------------------------------------------------*/
  76:Core/Src/main.c **** 
  77:Core/Src/main.c ****   /* Reset of all peripherals, Initializes the Flash interface and the Systick. */
  78:Core/Src/main.c ****   HAL_Init();
  79:Core/Src/main.c **** 
  80:Core/Src/main.c ****   /* USER CODE BEGIN Init */
  81:Core/Src/main.c **** 
  82:Core/Src/main.c ****   /* USER CODE END Init */
  83:Core/Src/main.c **** 
  84:Core/Src/main.c ****   /* Configure the system clock */
  85:Core/Src/main.c ****   SystemClock_Config();
  86:Core/Src/main.c **** 
  87:Core/Src/main.c ****   /* USER CODE BEGIN SysInit */
  88:Core/Src/main.c **** 
  89:Core/Src/main.c ****   /* USER CODE END SysInit */
  90:Core/Src/main.c **** 
ARM GAS  C:\Users\trand\AppData\Local\Temp\ccBJBiDa.s 			page 3


  91:Core/Src/main.c ****   /* Initialize all configured peripherals */
  92:Core/Src/main.c ****   MX_GPIO_Init();
  93:Core/Src/main.c ****   /* USER CODE BEGIN 2 */
  94:Core/Src/main.c **** 
  95:Core/Src/main.c ****   /* USER CODE END 2 */
  96:Core/Src/main.c **** 
  97:Core/Src/main.c ****   /* Infinite loop */
  98:Core/Src/main.c ****   /* USER CODE BEGIN WHILE */
  99:Core/Src/main.c ****   while (1)
 100:Core/Src/main.c ****   {
 101:Core/Src/main.c ****     /* USER CODE END WHILE */
 102:Core/Src/main.c ****     sen1 = HAL_GPIO_ReadPin(SenIN1_GPIO_Port,SenIN1_Pin);
 103:Core/Src/main.c ****     sen2 = HAL_GPIO_ReadPin(SenIN2_GPIO_Port,SenIN2_Pin);
 104:Core/Src/main.c ****     if (HAL_GPIO_ReadPin(SenIN1_GPIO_Port,SenIN1_Pin) == 0)
 105:Core/Src/main.c ****       {
 106:Core/Src/main.c ****         /* code */
 107:Core/Src/main.c ****         in = 1;
 108:Core/Src/main.c ****         if (HAL_GPIO_ReadPin(SenIN2_GPIO_Port,SenIN2_Pin) == 0 && in == 1)
 109:Core/Src/main.c ****               {
 110:Core/Src/main.c ****               /* code */
 111:Core/Src/main.c ****               count++;
 112:Core/Src/main.c ****               in = 0;
 113:Core/Src/main.c ****               HAL_GPIO_WritePin(LedIn_GPIO_Port,LedIn_Pin,GPIO_PIN_SET);
 114:Core/Src/main.c ****               }  
 115:Core/Src/main.c ****         else
 116:Core/Src/main.c ****               {
 117:Core/Src/main.c ****                 /* code */
 118:Core/Src/main.c ****                 HAL_GPIO_WritePin(LedIn_GPIO_Port,LedIn_Pin,GPIO_PIN_RESET);
 119:Core/Src/main.c ****               }
 120:Core/Src/main.c ****       } 
 121:Core/Src/main.c ****     if (HAL_GPIO_ReadPin(SenIN2_GPIO_Port,SenIN2_Pin) == 0)
 122:Core/Src/main.c ****       {
 123:Core/Src/main.c ****         /* code */
 124:Core/Src/main.c ****         out = 1;
 125:Core/Src/main.c ****         if (HAL_GPIO_ReadPin(SenIN1_GPIO_Port,SenIN1_Pin) == 0 && out == 1)
 126:Core/Src/main.c ****           {
 127:Core/Src/main.c ****               /* code */
 128:Core/Src/main.c ****             count--;
 129:Core/Src/main.c ****             out = 0;
 130:Core/Src/main.c ****             HAL_GPIO_WritePin(LedOut_GPIO_Port,LedOut_Pin,GPIO_PIN_SET);
 131:Core/Src/main.c ****           }  
 132:Core/Src/main.c ****         else
 133:Core/Src/main.c ****           {                /* code */
 134:Core/Src/main.c ****              HAL_GPIO_WritePin(LedOut_GPIO_Port,LedOut_Pin,GPIO_PIN_RESET);
 135:Core/Src/main.c ****           }
 136:Core/Src/main.c ****       }
 137:Core/Src/main.c ****     
 138:Core/Src/main.c ****     /* USER CODE BEGIN 3 */
 139:Core/Src/main.c ****   }
 140:Core/Src/main.c ****   /* USER CODE END 3 */
 141:Core/Src/main.c **** }
 142:Core/Src/main.c **** 
 143:Core/Src/main.c **** /**
 144:Core/Src/main.c ****   * @brief System Clock Configuration
 145:Core/Src/main.c ****   * @retval None
 146:Core/Src/main.c ****   */
 147:Core/Src/main.c **** void SystemClock_Config(void)
ARM GAS  C:\Users\trand\AppData\Local\Temp\ccBJBiDa.s 			page 4


 148:Core/Src/main.c **** {
 149:Core/Src/main.c ****   RCC_OscInitTypeDef RCC_OscInitStruct = {0};
 150:Core/Src/main.c ****   RCC_ClkInitTypeDef RCC_ClkInitStruct = {0};
 151:Core/Src/main.c **** 
 152:Core/Src/main.c ****   /** Initializes the RCC Oscillators according to the specified parameters
 153:Core/Src/main.c ****   * in the RCC_OscInitTypeDef structure.
 154:Core/Src/main.c ****   */
 155:Core/Src/main.c ****   RCC_OscInitStruct.OscillatorType = RCC_OSCILLATORTYPE_HSE;
 156:Core/Src/main.c ****   RCC_OscInitStruct.HSEState = RCC_HSE_ON;
 157:Core/Src/main.c ****   RCC_OscInitStruct.HSEPredivValue = RCC_HSE_PREDIV_DIV1;
 158:Core/Src/main.c ****   RCC_OscInitStruct.HSIState = RCC_HSI_ON;
 159:Core/Src/main.c ****   RCC_OscInitStruct.PLL.PLLState = RCC_PLL_ON;
 160:Core/Src/main.c ****   RCC_OscInitStruct.PLL.PLLSource = RCC_PLLSOURCE_HSE;
 161:Core/Src/main.c ****   RCC_OscInitStruct.PLL.PLLMUL = RCC_PLL_MUL9;
 162:Core/Src/main.c ****   if (HAL_RCC_OscConfig(&RCC_OscInitStruct) != HAL_OK)
 163:Core/Src/main.c ****   {
 164:Core/Src/main.c ****     Error_Handler();
 165:Core/Src/main.c ****   }
 166:Core/Src/main.c **** 
 167:Core/Src/main.c ****   /** Initializes the CPU, AHB and APB buses clocks
 168:Core/Src/main.c ****   */
 169:Core/Src/main.c ****   RCC_ClkInitStruct.ClockType = RCC_CLOCKTYPE_HCLK|RCC_CLOCKTYPE_SYSCLK
 170:Core/Src/main.c ****                               |RCC_CLOCKTYPE_PCLK1|RCC_CLOCKTYPE_PCLK2;
 171:Core/Src/main.c ****   RCC_ClkInitStruct.SYSCLKSource = RCC_SYSCLKSOURCE_PLLCLK;
 172:Core/Src/main.c ****   RCC_ClkInitStruct.AHBCLKDivider = RCC_SYSCLK_DIV1;
 173:Core/Src/main.c ****   RCC_ClkInitStruct.APB1CLKDivider = RCC_HCLK_DIV2;
 174:Core/Src/main.c ****   RCC_ClkInitStruct.APB2CLKDivider = RCC_HCLK_DIV1;
 175:Core/Src/main.c **** 
 176:Core/Src/main.c ****   if (HAL_RCC_ClockConfig(&RCC_ClkInitStruct, FLASH_LATENCY_2) != HAL_OK)
 177:Core/Src/main.c ****   {
 178:Core/Src/main.c ****     Error_Handler();
 179:Core/Src/main.c ****   }
 180:Core/Src/main.c **** }
 181:Core/Src/main.c **** 
 182:Core/Src/main.c **** /**
 183:Core/Src/main.c ****   * @brief GPIO Initialization Function
 184:Core/Src/main.c ****   * @param None
 185:Core/Src/main.c ****   * @retval None
 186:Core/Src/main.c ****   */
 187:Core/Src/main.c **** static void MX_GPIO_Init(void)
 188:Core/Src/main.c **** {
  26              		.loc 1 188 1 view -0
  27              		.cfi_startproc
  28              		@ args = 0, pretend = 0, frame = 32
  29              		@ frame_needed = 0, uses_anonymous_args = 0
  30 0000 30B5     		push	{r4, r5, lr}
  31              	.LCFI0:
  32              		.cfi_def_cfa_offset 12
  33              		.cfi_offset 4, -12
  34              		.cfi_offset 5, -8
  35              		.cfi_offset 14, -4
  36 0002 89B0     		sub	sp, sp, #36
  37              	.LCFI1:
  38              		.cfi_def_cfa_offset 48
 189:Core/Src/main.c ****   GPIO_InitTypeDef GPIO_InitStruct = {0};
  39              		.loc 1 189 3 view .LVU1
  40              		.loc 1 189 20 is_stmt 0 view .LVU2
ARM GAS  C:\Users\trand\AppData\Local\Temp\ccBJBiDa.s 			page 5


  41 0004 0024     		movs	r4, #0
  42 0006 0494     		str	r4, [sp, #16]
  43 0008 0594     		str	r4, [sp, #20]
  44 000a 0694     		str	r4, [sp, #24]
  45 000c 0794     		str	r4, [sp, #28]
 190:Core/Src/main.c **** /* USER CODE BEGIN MX_GPIO_Init_1 */
 191:Core/Src/main.c **** /* USER CODE END MX_GPIO_Init_1 */
 192:Core/Src/main.c **** 
 193:Core/Src/main.c ****   /* GPIO Ports Clock Enable */
 194:Core/Src/main.c ****   __HAL_RCC_GPIOD_CLK_ENABLE();
  46              		.loc 1 194 3 is_stmt 1 view .LVU3
  47              	.LBB4:
  48              		.loc 1 194 3 view .LVU4
  49              		.loc 1 194 3 view .LVU5
  50 000e 1B4B     		ldr	r3, .L3
  51 0010 9A69     		ldr	r2, [r3, #24]
  52 0012 42F02002 		orr	r2, r2, #32
  53 0016 9A61     		str	r2, [r3, #24]
  54              		.loc 1 194 3 view .LVU6
  55 0018 9A69     		ldr	r2, [r3, #24]
  56 001a 02F02002 		and	r2, r2, #32
  57 001e 0192     		str	r2, [sp, #4]
  58              		.loc 1 194 3 view .LVU7
  59 0020 019A     		ldr	r2, [sp, #4]
  60              	.LBE4:
  61              		.loc 1 194 3 view .LVU8
 195:Core/Src/main.c ****   __HAL_RCC_GPIOB_CLK_ENABLE();
  62              		.loc 1 195 3 view .LVU9
  63              	.LBB5:
  64              		.loc 1 195 3 view .LVU10
  65              		.loc 1 195 3 view .LVU11
  66 0022 9A69     		ldr	r2, [r3, #24]
  67 0024 42F00802 		orr	r2, r2, #8
  68 0028 9A61     		str	r2, [r3, #24]
  69              		.loc 1 195 3 view .LVU12
  70 002a 9A69     		ldr	r2, [r3, #24]
  71 002c 02F00802 		and	r2, r2, #8
  72 0030 0292     		str	r2, [sp, #8]
  73              		.loc 1 195 3 view .LVU13
  74 0032 029A     		ldr	r2, [sp, #8]
  75              	.LBE5:
  76              		.loc 1 195 3 view .LVU14
 196:Core/Src/main.c ****   __HAL_RCC_GPIOA_CLK_ENABLE();
  77              		.loc 1 196 3 view .LVU15
  78              	.LBB6:
  79              		.loc 1 196 3 view .LVU16
  80              		.loc 1 196 3 view .LVU17
  81 0034 9A69     		ldr	r2, [r3, #24]
  82 0036 42F00402 		orr	r2, r2, #4
  83 003a 9A61     		str	r2, [r3, #24]
  84              		.loc 1 196 3 view .LVU18
  85 003c 9B69     		ldr	r3, [r3, #24]
  86 003e 03F00403 		and	r3, r3, #4
  87 0042 0393     		str	r3, [sp, #12]
  88              		.loc 1 196 3 view .LVU19
  89 0044 039B     		ldr	r3, [sp, #12]
  90              	.LBE6:
ARM GAS  C:\Users\trand\AppData\Local\Temp\ccBJBiDa.s 			page 6


  91              		.loc 1 196 3 view .LVU20
 197:Core/Src/main.c **** 
 198:Core/Src/main.c ****   /*Configure GPIO pin Output Level */
 199:Core/Src/main.c ****   HAL_GPIO_WritePin(GPIOB, LedIn_Pin|LedOut_Pin, GPIO_PIN_RESET);
  92              		.loc 1 199 3 view .LVU21
  93 0046 0E4D     		ldr	r5, .L3+4
  94 0048 2246     		mov	r2, r4
  95 004a 1821     		movs	r1, #24
  96 004c 2846     		mov	r0, r5
  97 004e FFF7FEFF 		bl	HAL_GPIO_WritePin
  98              	.LVL0:
 200:Core/Src/main.c **** 
 201:Core/Src/main.c ****   /*Configure GPIO pins : SenIN1_Pin SenIN2_Pin */
 202:Core/Src/main.c ****   GPIO_InitStruct.Pin = SenIN1_Pin|SenIN2_Pin;
  99              		.loc 1 202 3 view .LVU22
 100              		.loc 1 202 23 is_stmt 0 view .LVU23
 101 0052 0323     		movs	r3, #3
 102 0054 0493     		str	r3, [sp, #16]
 203:Core/Src/main.c ****   GPIO_InitStruct.Mode = GPIO_MODE_INPUT;
 103              		.loc 1 203 3 is_stmt 1 view .LVU24
 104              		.loc 1 203 24 is_stmt 0 view .LVU25
 105 0056 0594     		str	r4, [sp, #20]
 204:Core/Src/main.c ****   GPIO_InitStruct.Pull = GPIO_NOPULL;
 106              		.loc 1 204 3 is_stmt 1 view .LVU26
 107              		.loc 1 204 24 is_stmt 0 view .LVU27
 108 0058 0694     		str	r4, [sp, #24]
 205:Core/Src/main.c ****   HAL_GPIO_Init(GPIOB, &GPIO_InitStruct);
 109              		.loc 1 205 3 is_stmt 1 view .LVU28
 110 005a 04A9     		add	r1, sp, #16
 111 005c 2846     		mov	r0, r5
 112 005e FFF7FEFF 		bl	HAL_GPIO_Init
 113              	.LVL1:
 206:Core/Src/main.c **** 
 207:Core/Src/main.c ****   /*Configure GPIO pins : LedIn_Pin LedOut_Pin */
 208:Core/Src/main.c ****   GPIO_InitStruct.Pin = LedIn_Pin|LedOut_Pin;
 114              		.loc 1 208 3 view .LVU29
 115              		.loc 1 208 23 is_stmt 0 view .LVU30
 116 0062 1823     		movs	r3, #24
 117 0064 0493     		str	r3, [sp, #16]
 209:Core/Src/main.c ****   GPIO_InitStruct.Mode = GPIO_MODE_OUTPUT_PP;
 118              		.loc 1 209 3 is_stmt 1 view .LVU31
 119              		.loc 1 209 24 is_stmt 0 view .LVU32
 120 0066 0123     		movs	r3, #1
 121 0068 0593     		str	r3, [sp, #20]
 210:Core/Src/main.c ****   GPIO_InitStruct.Pull = GPIO_NOPULL;
 122              		.loc 1 210 3 is_stmt 1 view .LVU33
 123              		.loc 1 210 24 is_stmt 0 view .LVU34
 124 006a 0694     		str	r4, [sp, #24]
 211:Core/Src/main.c ****   GPIO_InitStruct.Speed = GPIO_SPEED_FREQ_LOW;
 125              		.loc 1 211 3 is_stmt 1 view .LVU35
 126              		.loc 1 211 25 is_stmt 0 view .LVU36
 127 006c 0223     		movs	r3, #2
 128 006e 0793     		str	r3, [sp, #28]
 212:Core/Src/main.c ****   HAL_GPIO_Init(GPIOB, &GPIO_InitStruct);
 129              		.loc 1 212 3 is_stmt 1 view .LVU37
 130 0070 04A9     		add	r1, sp, #16
 131 0072 2846     		mov	r0, r5
ARM GAS  C:\Users\trand\AppData\Local\Temp\ccBJBiDa.s 			page 7


 132 0074 FFF7FEFF 		bl	HAL_GPIO_Init
 133              	.LVL2:
 213:Core/Src/main.c **** 
 214:Core/Src/main.c **** /* USER CODE BEGIN MX_GPIO_Init_2 */
 215:Core/Src/main.c **** /* USER CODE END MX_GPIO_Init_2 */
 216:Core/Src/main.c **** }
 134              		.loc 1 216 1 is_stmt 0 view .LVU38
 135 0078 09B0     		add	sp, sp, #36
 136              	.LCFI2:
 137              		.cfi_def_cfa_offset 12
 138              		@ sp needed
 139 007a 30BD     		pop	{r4, r5, pc}
 140              	.L4:
 141              		.align	2
 142              	.L3:
 143 007c 00100240 		.word	1073876992
 144 0080 000C0140 		.word	1073810432
 145              		.cfi_endproc
 146              	.LFE70:
 148              		.section	.text.Error_Handler,"ax",%progbits
 149              		.align	1
 150              		.global	Error_Handler
 151              		.syntax unified
 152              		.thumb
 153              		.thumb_func
 155              	Error_Handler:
 156              	.LFB71:
 217:Core/Src/main.c **** 
 218:Core/Src/main.c **** /* USER CODE BEGIN 4 */
 219:Core/Src/main.c **** 
 220:Core/Src/main.c **** /* USER CODE END 4 */
 221:Core/Src/main.c **** 
 222:Core/Src/main.c **** /**
 223:Core/Src/main.c ****   * @brief  This function is executed in case of error occurrence.
 224:Core/Src/main.c ****   * @retval None
 225:Core/Src/main.c ****   */
 226:Core/Src/main.c **** void Error_Handler(void)
 227:Core/Src/main.c **** {
 157              		.loc 1 227 1 is_stmt 1 view -0
 158              		.cfi_startproc
 159              		@ Volatile: function does not return.
 160              		@ args = 0, pretend = 0, frame = 0
 161              		@ frame_needed = 0, uses_anonymous_args = 0
 162              		@ link register save eliminated.
 228:Core/Src/main.c ****   /* USER CODE BEGIN Error_Handler_Debug */
 229:Core/Src/main.c ****   /* User can add his own implementation to report the HAL error return state */
 230:Core/Src/main.c ****   __disable_irq();
 163              		.loc 1 230 3 view .LVU40
 164              	.LBB7:
 165              	.LBI7:
 166              		.file 2 "Drivers/CMSIS/Include/cmsis_gcc.h"
   1:Drivers/CMSIS/Include/cmsis_gcc.h **** /**************************************************************************//**
   2:Drivers/CMSIS/Include/cmsis_gcc.h ****  * @file     cmsis_gcc.h
   3:Drivers/CMSIS/Include/cmsis_gcc.h ****  * @brief    CMSIS compiler GCC header file
   4:Drivers/CMSIS/Include/cmsis_gcc.h ****  * @version  V5.0.4
   5:Drivers/CMSIS/Include/cmsis_gcc.h ****  * @date     09. April 2018
   6:Drivers/CMSIS/Include/cmsis_gcc.h ****  ******************************************************************************/
ARM GAS  C:\Users\trand\AppData\Local\Temp\ccBJBiDa.s 			page 8


   7:Drivers/CMSIS/Include/cmsis_gcc.h **** /*
   8:Drivers/CMSIS/Include/cmsis_gcc.h ****  * Copyright (c) 2009-2018 Arm Limited. All rights reserved.
   9:Drivers/CMSIS/Include/cmsis_gcc.h ****  *
  10:Drivers/CMSIS/Include/cmsis_gcc.h ****  * SPDX-License-Identifier: Apache-2.0
  11:Drivers/CMSIS/Include/cmsis_gcc.h ****  *
  12:Drivers/CMSIS/Include/cmsis_gcc.h ****  * Licensed under the Apache License, Version 2.0 (the License); you may
  13:Drivers/CMSIS/Include/cmsis_gcc.h ****  * not use this file except in compliance with the License.
  14:Drivers/CMSIS/Include/cmsis_gcc.h ****  * You may obtain a copy of the License at
  15:Drivers/CMSIS/Include/cmsis_gcc.h ****  *
  16:Drivers/CMSIS/Include/cmsis_gcc.h ****  * www.apache.org/licenses/LICENSE-2.0
  17:Drivers/CMSIS/Include/cmsis_gcc.h ****  *
  18:Drivers/CMSIS/Include/cmsis_gcc.h ****  * Unless required by applicable law or agreed to in writing, software
  19:Drivers/CMSIS/Include/cmsis_gcc.h ****  * distributed under the License is distributed on an AS IS BASIS, WITHOUT
  20:Drivers/CMSIS/Include/cmsis_gcc.h ****  * WARRANTIES OR CONDITIONS OF ANY KIND, either express or implied.
  21:Drivers/CMSIS/Include/cmsis_gcc.h ****  * See the License for the specific language governing permissions and
  22:Drivers/CMSIS/Include/cmsis_gcc.h ****  * limitations under the License.
  23:Drivers/CMSIS/Include/cmsis_gcc.h ****  */
  24:Drivers/CMSIS/Include/cmsis_gcc.h **** 
  25:Drivers/CMSIS/Include/cmsis_gcc.h **** #ifndef __CMSIS_GCC_H
  26:Drivers/CMSIS/Include/cmsis_gcc.h **** #define __CMSIS_GCC_H
  27:Drivers/CMSIS/Include/cmsis_gcc.h **** 
  28:Drivers/CMSIS/Include/cmsis_gcc.h **** /* ignore some GCC warnings */
  29:Drivers/CMSIS/Include/cmsis_gcc.h **** #pragma GCC diagnostic push
  30:Drivers/CMSIS/Include/cmsis_gcc.h **** #pragma GCC diagnostic ignored "-Wsign-conversion"
  31:Drivers/CMSIS/Include/cmsis_gcc.h **** #pragma GCC diagnostic ignored "-Wconversion"
  32:Drivers/CMSIS/Include/cmsis_gcc.h **** #pragma GCC diagnostic ignored "-Wunused-parameter"
  33:Drivers/CMSIS/Include/cmsis_gcc.h **** 
  34:Drivers/CMSIS/Include/cmsis_gcc.h **** /* Fallback for __has_builtin */
  35:Drivers/CMSIS/Include/cmsis_gcc.h **** #ifndef __has_builtin
  36:Drivers/CMSIS/Include/cmsis_gcc.h ****   #define __has_builtin(x) (0)
  37:Drivers/CMSIS/Include/cmsis_gcc.h **** #endif
  38:Drivers/CMSIS/Include/cmsis_gcc.h **** 
  39:Drivers/CMSIS/Include/cmsis_gcc.h **** /* CMSIS compiler specific defines */
  40:Drivers/CMSIS/Include/cmsis_gcc.h **** #ifndef   __ASM
  41:Drivers/CMSIS/Include/cmsis_gcc.h ****   #define __ASM                                  __asm
  42:Drivers/CMSIS/Include/cmsis_gcc.h **** #endif
  43:Drivers/CMSIS/Include/cmsis_gcc.h **** #ifndef   __INLINE
  44:Drivers/CMSIS/Include/cmsis_gcc.h ****   #define __INLINE                               inline
  45:Drivers/CMSIS/Include/cmsis_gcc.h **** #endif
  46:Drivers/CMSIS/Include/cmsis_gcc.h **** #ifndef   __STATIC_INLINE
  47:Drivers/CMSIS/Include/cmsis_gcc.h ****   #define __STATIC_INLINE                        static inline
  48:Drivers/CMSIS/Include/cmsis_gcc.h **** #endif
  49:Drivers/CMSIS/Include/cmsis_gcc.h **** #ifndef   __STATIC_FORCEINLINE                 
  50:Drivers/CMSIS/Include/cmsis_gcc.h ****   #define __STATIC_FORCEINLINE                   __attribute__((always_inline)) static inline
  51:Drivers/CMSIS/Include/cmsis_gcc.h **** #endif                                           
  52:Drivers/CMSIS/Include/cmsis_gcc.h **** #ifndef   __NO_RETURN
  53:Drivers/CMSIS/Include/cmsis_gcc.h ****   #define __NO_RETURN                            __attribute__((__noreturn__))
  54:Drivers/CMSIS/Include/cmsis_gcc.h **** #endif
  55:Drivers/CMSIS/Include/cmsis_gcc.h **** #ifndef   __USED
  56:Drivers/CMSIS/Include/cmsis_gcc.h ****   #define __USED                                 __attribute__((used))
  57:Drivers/CMSIS/Include/cmsis_gcc.h **** #endif
  58:Drivers/CMSIS/Include/cmsis_gcc.h **** #ifndef   __WEAK
  59:Drivers/CMSIS/Include/cmsis_gcc.h ****   #define __WEAK                                 __attribute__((weak))
  60:Drivers/CMSIS/Include/cmsis_gcc.h **** #endif
  61:Drivers/CMSIS/Include/cmsis_gcc.h **** #ifndef   __PACKED
  62:Drivers/CMSIS/Include/cmsis_gcc.h ****   #define __PACKED                               __attribute__((packed, aligned(1)))
  63:Drivers/CMSIS/Include/cmsis_gcc.h **** #endif
ARM GAS  C:\Users\trand\AppData\Local\Temp\ccBJBiDa.s 			page 9


  64:Drivers/CMSIS/Include/cmsis_gcc.h **** #ifndef   __PACKED_STRUCT
  65:Drivers/CMSIS/Include/cmsis_gcc.h ****   #define __PACKED_STRUCT                        struct __attribute__((packed, aligned(1)))
  66:Drivers/CMSIS/Include/cmsis_gcc.h **** #endif
  67:Drivers/CMSIS/Include/cmsis_gcc.h **** #ifndef   __PACKED_UNION
  68:Drivers/CMSIS/Include/cmsis_gcc.h ****   #define __PACKED_UNION                         union __attribute__((packed, aligned(1)))
  69:Drivers/CMSIS/Include/cmsis_gcc.h **** #endif
  70:Drivers/CMSIS/Include/cmsis_gcc.h **** #ifndef   __UNALIGNED_UINT32        /* deprecated */
  71:Drivers/CMSIS/Include/cmsis_gcc.h ****   #pragma GCC diagnostic push
  72:Drivers/CMSIS/Include/cmsis_gcc.h ****   #pragma GCC diagnostic ignored "-Wpacked"
  73:Drivers/CMSIS/Include/cmsis_gcc.h ****   #pragma GCC diagnostic ignored "-Wattributes"
  74:Drivers/CMSIS/Include/cmsis_gcc.h ****   struct __attribute__((packed)) T_UINT32 { uint32_t v; };
  75:Drivers/CMSIS/Include/cmsis_gcc.h ****   #pragma GCC diagnostic pop
  76:Drivers/CMSIS/Include/cmsis_gcc.h ****   #define __UNALIGNED_UINT32(x)                  (((struct T_UINT32 *)(x))->v)
  77:Drivers/CMSIS/Include/cmsis_gcc.h **** #endif
  78:Drivers/CMSIS/Include/cmsis_gcc.h **** #ifndef   __UNALIGNED_UINT16_WRITE
  79:Drivers/CMSIS/Include/cmsis_gcc.h ****   #pragma GCC diagnostic push
  80:Drivers/CMSIS/Include/cmsis_gcc.h ****   #pragma GCC diagnostic ignored "-Wpacked"
  81:Drivers/CMSIS/Include/cmsis_gcc.h ****   #pragma GCC diagnostic ignored "-Wattributes"
  82:Drivers/CMSIS/Include/cmsis_gcc.h ****   __PACKED_STRUCT T_UINT16_WRITE { uint16_t v; };
  83:Drivers/CMSIS/Include/cmsis_gcc.h ****   #pragma GCC diagnostic pop
  84:Drivers/CMSIS/Include/cmsis_gcc.h ****   #define __UNALIGNED_UINT16_WRITE(addr, val)    (void)((((struct T_UINT16_WRITE *)(void *)(addr))-
  85:Drivers/CMSIS/Include/cmsis_gcc.h **** #endif
  86:Drivers/CMSIS/Include/cmsis_gcc.h **** #ifndef   __UNALIGNED_UINT16_READ
  87:Drivers/CMSIS/Include/cmsis_gcc.h ****   #pragma GCC diagnostic push
  88:Drivers/CMSIS/Include/cmsis_gcc.h ****   #pragma GCC diagnostic ignored "-Wpacked"
  89:Drivers/CMSIS/Include/cmsis_gcc.h ****   #pragma GCC diagnostic ignored "-Wattributes"
  90:Drivers/CMSIS/Include/cmsis_gcc.h ****   __PACKED_STRUCT T_UINT16_READ { uint16_t v; };
  91:Drivers/CMSIS/Include/cmsis_gcc.h ****   #pragma GCC diagnostic pop
  92:Drivers/CMSIS/Include/cmsis_gcc.h ****   #define __UNALIGNED_UINT16_READ(addr)          (((const struct T_UINT16_READ *)(const void *)(add
  93:Drivers/CMSIS/Include/cmsis_gcc.h **** #endif
  94:Drivers/CMSIS/Include/cmsis_gcc.h **** #ifndef   __UNALIGNED_UINT32_WRITE
  95:Drivers/CMSIS/Include/cmsis_gcc.h ****   #pragma GCC diagnostic push
  96:Drivers/CMSIS/Include/cmsis_gcc.h ****   #pragma GCC diagnostic ignored "-Wpacked"
  97:Drivers/CMSIS/Include/cmsis_gcc.h ****   #pragma GCC diagnostic ignored "-Wattributes"
  98:Drivers/CMSIS/Include/cmsis_gcc.h ****   __PACKED_STRUCT T_UINT32_WRITE { uint32_t v; };
  99:Drivers/CMSIS/Include/cmsis_gcc.h ****   #pragma GCC diagnostic pop
 100:Drivers/CMSIS/Include/cmsis_gcc.h ****   #define __UNALIGNED_UINT32_WRITE(addr, val)    (void)((((struct T_UINT32_WRITE *)(void *)(addr))-
 101:Drivers/CMSIS/Include/cmsis_gcc.h **** #endif
 102:Drivers/CMSIS/Include/cmsis_gcc.h **** #ifndef   __UNALIGNED_UINT32_READ
 103:Drivers/CMSIS/Include/cmsis_gcc.h ****   #pragma GCC diagnostic push
 104:Drivers/CMSIS/Include/cmsis_gcc.h ****   #pragma GCC diagnostic ignored "-Wpacked"
 105:Drivers/CMSIS/Include/cmsis_gcc.h ****   #pragma GCC diagnostic ignored "-Wattributes"
 106:Drivers/CMSIS/Include/cmsis_gcc.h ****   __PACKED_STRUCT T_UINT32_READ { uint32_t v; };
 107:Drivers/CMSIS/Include/cmsis_gcc.h ****   #pragma GCC diagnostic pop
 108:Drivers/CMSIS/Include/cmsis_gcc.h ****   #define __UNALIGNED_UINT32_READ(addr)          (((const struct T_UINT32_READ *)(const void *)(add
 109:Drivers/CMSIS/Include/cmsis_gcc.h **** #endif
 110:Drivers/CMSIS/Include/cmsis_gcc.h **** #ifndef   __ALIGNED
 111:Drivers/CMSIS/Include/cmsis_gcc.h ****   #define __ALIGNED(x)                           __attribute__((aligned(x)))
 112:Drivers/CMSIS/Include/cmsis_gcc.h **** #endif
 113:Drivers/CMSIS/Include/cmsis_gcc.h **** #ifndef   __RESTRICT
 114:Drivers/CMSIS/Include/cmsis_gcc.h ****   #define __RESTRICT                             __restrict
 115:Drivers/CMSIS/Include/cmsis_gcc.h **** #endif
 116:Drivers/CMSIS/Include/cmsis_gcc.h **** 
 117:Drivers/CMSIS/Include/cmsis_gcc.h **** 
 118:Drivers/CMSIS/Include/cmsis_gcc.h **** /* ###########################  Core Function Access  ########################### */
 119:Drivers/CMSIS/Include/cmsis_gcc.h **** /** \ingroup  CMSIS_Core_FunctionInterface
 120:Drivers/CMSIS/Include/cmsis_gcc.h ****     \defgroup CMSIS_Core_RegAccFunctions CMSIS Core Register Access Functions
ARM GAS  C:\Users\trand\AppData\Local\Temp\ccBJBiDa.s 			page 10


 121:Drivers/CMSIS/Include/cmsis_gcc.h ****   @{
 122:Drivers/CMSIS/Include/cmsis_gcc.h ****  */
 123:Drivers/CMSIS/Include/cmsis_gcc.h **** 
 124:Drivers/CMSIS/Include/cmsis_gcc.h **** /**
 125:Drivers/CMSIS/Include/cmsis_gcc.h ****   \brief   Enable IRQ Interrupts
 126:Drivers/CMSIS/Include/cmsis_gcc.h ****   \details Enables IRQ interrupts by clearing the I-bit in the CPSR.
 127:Drivers/CMSIS/Include/cmsis_gcc.h ****            Can only be executed in Privileged modes.
 128:Drivers/CMSIS/Include/cmsis_gcc.h ****  */
 129:Drivers/CMSIS/Include/cmsis_gcc.h **** __STATIC_FORCEINLINE void __enable_irq(void)
 130:Drivers/CMSIS/Include/cmsis_gcc.h **** {
 131:Drivers/CMSIS/Include/cmsis_gcc.h ****   __ASM volatile ("cpsie i" : : : "memory");
 132:Drivers/CMSIS/Include/cmsis_gcc.h **** }
 133:Drivers/CMSIS/Include/cmsis_gcc.h **** 
 134:Drivers/CMSIS/Include/cmsis_gcc.h **** 
 135:Drivers/CMSIS/Include/cmsis_gcc.h **** /**
 136:Drivers/CMSIS/Include/cmsis_gcc.h ****   \brief   Disable IRQ Interrupts
 137:Drivers/CMSIS/Include/cmsis_gcc.h ****   \details Disables IRQ interrupts by setting the I-bit in the CPSR.
 138:Drivers/CMSIS/Include/cmsis_gcc.h ****            Can only be executed in Privileged modes.
 139:Drivers/CMSIS/Include/cmsis_gcc.h ****  */
 140:Drivers/CMSIS/Include/cmsis_gcc.h **** __STATIC_FORCEINLINE void __disable_irq(void)
 167              		.loc 2 140 27 view .LVU41
 168              	.LBB8:
 141:Drivers/CMSIS/Include/cmsis_gcc.h **** {
 142:Drivers/CMSIS/Include/cmsis_gcc.h ****   __ASM volatile ("cpsid i" : : : "memory");
 169              		.loc 2 142 3 view .LVU42
 170              		.syntax unified
 171              	@ 142 "Drivers/CMSIS/Include/cmsis_gcc.h" 1
 172 0000 72B6     		cpsid i
 173              	@ 0 "" 2
 174              		.thumb
 175              		.syntax unified
 176              	.L6:
 177              	.LBE8:
 178              	.LBE7:
 231:Core/Src/main.c ****   while (1)
 179              		.loc 1 231 3 discriminator 1 view .LVU43
 232:Core/Src/main.c ****   {
 233:Core/Src/main.c ****   }
 180              		.loc 1 233 3 discriminator 1 view .LVU44
 231:Core/Src/main.c ****   while (1)
 181              		.loc 1 231 9 discriminator 1 view .LVU45
 182 0002 FEE7     		b	.L6
 183              		.cfi_endproc
 184              	.LFE71:
 186              		.section	.text.SystemClock_Config,"ax",%progbits
 187              		.align	1
 188              		.global	SystemClock_Config
 189              		.syntax unified
 190              		.thumb
 191              		.thumb_func
 193              	SystemClock_Config:
 194              	.LFB69:
 148:Core/Src/main.c ****   RCC_OscInitTypeDef RCC_OscInitStruct = {0};
 195              		.loc 1 148 1 view -0
 196              		.cfi_startproc
 197              		@ args = 0, pretend = 0, frame = 64
 198              		@ frame_needed = 0, uses_anonymous_args = 0
ARM GAS  C:\Users\trand\AppData\Local\Temp\ccBJBiDa.s 			page 11


 199 0000 00B5     		push	{lr}
 200              	.LCFI3:
 201              		.cfi_def_cfa_offset 4
 202              		.cfi_offset 14, -4
 203 0002 91B0     		sub	sp, sp, #68
 204              	.LCFI4:
 205              		.cfi_def_cfa_offset 72
 149:Core/Src/main.c ****   RCC_ClkInitTypeDef RCC_ClkInitStruct = {0};
 206              		.loc 1 149 3 view .LVU47
 149:Core/Src/main.c ****   RCC_ClkInitTypeDef RCC_ClkInitStruct = {0};
 207              		.loc 1 149 22 is_stmt 0 view .LVU48
 208 0004 2822     		movs	r2, #40
 209 0006 0021     		movs	r1, #0
 210 0008 06A8     		add	r0, sp, #24
 211 000a FFF7FEFF 		bl	memset
 212              	.LVL3:
 150:Core/Src/main.c **** 
 213              		.loc 1 150 3 is_stmt 1 view .LVU49
 150:Core/Src/main.c **** 
 214              		.loc 1 150 22 is_stmt 0 view .LVU50
 215 000e 0023     		movs	r3, #0
 216 0010 0193     		str	r3, [sp, #4]
 217 0012 0293     		str	r3, [sp, #8]
 218 0014 0393     		str	r3, [sp, #12]
 219 0016 0493     		str	r3, [sp, #16]
 220 0018 0593     		str	r3, [sp, #20]
 155:Core/Src/main.c ****   RCC_OscInitStruct.HSEState = RCC_HSE_ON;
 221              		.loc 1 155 3 is_stmt 1 view .LVU51
 155:Core/Src/main.c ****   RCC_OscInitStruct.HSEState = RCC_HSE_ON;
 222              		.loc 1 155 36 is_stmt 0 view .LVU52
 223 001a 0122     		movs	r2, #1
 224 001c 0692     		str	r2, [sp, #24]
 156:Core/Src/main.c ****   RCC_OscInitStruct.HSEPredivValue = RCC_HSE_PREDIV_DIV1;
 225              		.loc 1 156 3 is_stmt 1 view .LVU53
 156:Core/Src/main.c ****   RCC_OscInitStruct.HSEPredivValue = RCC_HSE_PREDIV_DIV1;
 226              		.loc 1 156 30 is_stmt 0 view .LVU54
 227 001e 4FF48033 		mov	r3, #65536
 228 0022 0793     		str	r3, [sp, #28]
 157:Core/Src/main.c ****   RCC_OscInitStruct.HSIState = RCC_HSI_ON;
 229              		.loc 1 157 3 is_stmt 1 view .LVU55
 158:Core/Src/main.c ****   RCC_OscInitStruct.PLL.PLLState = RCC_PLL_ON;
 230              		.loc 1 158 3 view .LVU56
 158:Core/Src/main.c ****   RCC_OscInitStruct.PLL.PLLState = RCC_PLL_ON;
 231              		.loc 1 158 30 is_stmt 0 view .LVU57
 232 0024 0A92     		str	r2, [sp, #40]
 159:Core/Src/main.c ****   RCC_OscInitStruct.PLL.PLLSource = RCC_PLLSOURCE_HSE;
 233              		.loc 1 159 3 is_stmt 1 view .LVU58
 159:Core/Src/main.c ****   RCC_OscInitStruct.PLL.PLLSource = RCC_PLLSOURCE_HSE;
 234              		.loc 1 159 34 is_stmt 0 view .LVU59
 235 0026 0222     		movs	r2, #2
 236 0028 0D92     		str	r2, [sp, #52]
 160:Core/Src/main.c ****   RCC_OscInitStruct.PLL.PLLMUL = RCC_PLL_MUL9;
 237              		.loc 1 160 3 is_stmt 1 view .LVU60
 160:Core/Src/main.c ****   RCC_OscInitStruct.PLL.PLLMUL = RCC_PLL_MUL9;
 238              		.loc 1 160 35 is_stmt 0 view .LVU61
 239 002a 0E93     		str	r3, [sp, #56]
 161:Core/Src/main.c ****   if (HAL_RCC_OscConfig(&RCC_OscInitStruct) != HAL_OK)
ARM GAS  C:\Users\trand\AppData\Local\Temp\ccBJBiDa.s 			page 12


 240              		.loc 1 161 3 is_stmt 1 view .LVU62
 161:Core/Src/main.c ****   if (HAL_RCC_OscConfig(&RCC_OscInitStruct) != HAL_OK)
 241              		.loc 1 161 32 is_stmt 0 view .LVU63
 242 002c 4FF4E013 		mov	r3, #1835008
 243 0030 0F93     		str	r3, [sp, #60]
 162:Core/Src/main.c ****   {
 244              		.loc 1 162 3 is_stmt 1 view .LVU64
 162:Core/Src/main.c ****   {
 245              		.loc 1 162 7 is_stmt 0 view .LVU65
 246 0032 06A8     		add	r0, sp, #24
 247 0034 FFF7FEFF 		bl	HAL_RCC_OscConfig
 248              	.LVL4:
 162:Core/Src/main.c ****   {
 249              		.loc 1 162 6 view .LVU66
 250 0038 80B9     		cbnz	r0, .L11
 169:Core/Src/main.c ****                               |RCC_CLOCKTYPE_PCLK1|RCC_CLOCKTYPE_PCLK2;
 251              		.loc 1 169 3 is_stmt 1 view .LVU67
 169:Core/Src/main.c ****                               |RCC_CLOCKTYPE_PCLK1|RCC_CLOCKTYPE_PCLK2;
 252              		.loc 1 169 31 is_stmt 0 view .LVU68
 253 003a 0F23     		movs	r3, #15
 254 003c 0193     		str	r3, [sp, #4]
 171:Core/Src/main.c ****   RCC_ClkInitStruct.AHBCLKDivider = RCC_SYSCLK_DIV1;
 255              		.loc 1 171 3 is_stmt 1 view .LVU69
 171:Core/Src/main.c ****   RCC_ClkInitStruct.AHBCLKDivider = RCC_SYSCLK_DIV1;
 256              		.loc 1 171 34 is_stmt 0 view .LVU70
 257 003e 0221     		movs	r1, #2
 258 0040 0291     		str	r1, [sp, #8]
 172:Core/Src/main.c ****   RCC_ClkInitStruct.APB1CLKDivider = RCC_HCLK_DIV2;
 259              		.loc 1 172 3 is_stmt 1 view .LVU71
 172:Core/Src/main.c ****   RCC_ClkInitStruct.APB1CLKDivider = RCC_HCLK_DIV2;
 260              		.loc 1 172 35 is_stmt 0 view .LVU72
 261 0042 0023     		movs	r3, #0
 262 0044 0393     		str	r3, [sp, #12]
 173:Core/Src/main.c ****   RCC_ClkInitStruct.APB2CLKDivider = RCC_HCLK_DIV1;
 263              		.loc 1 173 3 is_stmt 1 view .LVU73
 173:Core/Src/main.c ****   RCC_ClkInitStruct.APB2CLKDivider = RCC_HCLK_DIV1;
 264              		.loc 1 173 36 is_stmt 0 view .LVU74
 265 0046 4FF48062 		mov	r2, #1024
 266 004a 0492     		str	r2, [sp, #16]
 174:Core/Src/main.c **** 
 267              		.loc 1 174 3 is_stmt 1 view .LVU75
 174:Core/Src/main.c **** 
 268              		.loc 1 174 36 is_stmt 0 view .LVU76
 269 004c 0593     		str	r3, [sp, #20]
 176:Core/Src/main.c ****   {
 270              		.loc 1 176 3 is_stmt 1 view .LVU77
 176:Core/Src/main.c ****   {
 271              		.loc 1 176 7 is_stmt 0 view .LVU78
 272 004e 01A8     		add	r0, sp, #4
 273 0050 FFF7FEFF 		bl	HAL_RCC_ClockConfig
 274              	.LVL5:
 176:Core/Src/main.c ****   {
 275              		.loc 1 176 6 view .LVU79
 276 0054 20B9     		cbnz	r0, .L12
 180:Core/Src/main.c **** 
 277              		.loc 1 180 1 view .LVU80
 278 0056 11B0     		add	sp, sp, #68
ARM GAS  C:\Users\trand\AppData\Local\Temp\ccBJBiDa.s 			page 13


 279              	.LCFI5:
 280              		.cfi_remember_state
 281              		.cfi_def_cfa_offset 4
 282              		@ sp needed
 283 0058 5DF804FB 		ldr	pc, [sp], #4
 284              	.L11:
 285              	.LCFI6:
 286              		.cfi_restore_state
 164:Core/Src/main.c ****   }
 287              		.loc 1 164 5 is_stmt 1 view .LVU81
 288 005c FFF7FEFF 		bl	Error_Handler
 289              	.LVL6:
 290              	.L12:
 178:Core/Src/main.c ****   }
 291              		.loc 1 178 5 view .LVU82
 292 0060 FFF7FEFF 		bl	Error_Handler
 293              	.LVL7:
 294              		.cfi_endproc
 295              	.LFE69:
 297              		.section	.text.main,"ax",%progbits
 298              		.align	1
 299              		.global	main
 300              		.syntax unified
 301              		.thumb
 302              		.thumb_func
 304              	main:
 305              	.LFB68:
  70:Core/Src/main.c ****   /* USER CODE BEGIN 1 */
 306              		.loc 1 70 1 view -0
 307              		.cfi_startproc
 308              		@ Volatile: function does not return.
 309              		@ args = 0, pretend = 0, frame = 0
 310              		@ frame_needed = 0, uses_anonymous_args = 0
 311 0000 08B5     		push	{r3, lr}
 312              	.LCFI7:
 313              		.cfi_def_cfa_offset 8
 314              		.cfi_offset 3, -8
 315              		.cfi_offset 14, -4
  78:Core/Src/main.c **** 
 316              		.loc 1 78 3 view .LVU84
 317 0002 FFF7FEFF 		bl	HAL_Init
 318              	.LVL8:
  85:Core/Src/main.c **** 
 319              		.loc 1 85 3 view .LVU85
 320 0006 FFF7FEFF 		bl	SystemClock_Config
 321              	.LVL9:
  92:Core/Src/main.c ****   /* USER CODE BEGIN 2 */
 322              		.loc 1 92 3 view .LVU86
 323 000a FFF7FEFF 		bl	MX_GPIO_Init
 324              	.LVL10:
 325 000e 09E0     		b	.L17
 326              	.L16:
 118:Core/Src/main.c ****               }
 327              		.loc 1 118 17 view .LVU87
 328 0010 0022     		movs	r2, #0
 329 0012 0821     		movs	r1, #8
 330 0014 2948     		ldr	r0, .L23
ARM GAS  C:\Users\trand\AppData\Local\Temp\ccBJBiDa.s 			page 14


 331 0016 FFF7FEFF 		bl	HAL_GPIO_WritePin
 332              	.LVL11:
 333              	.L15:
 121:Core/Src/main.c ****       {
 334              		.loc 1 121 5 view .LVU88
 121:Core/Src/main.c ****       {
 335              		.loc 1 121 9 is_stmt 0 view .LVU89
 336 001a 0221     		movs	r1, #2
 337 001c 2748     		ldr	r0, .L23
 338 001e FFF7FEFF 		bl	HAL_GPIO_ReadPin
 339              	.LVL12:
 121:Core/Src/main.c ****       {
 340              		.loc 1 121 8 view .LVU90
 341 0022 60B3     		cbz	r0, .L21
 342              	.L17:
  99:Core/Src/main.c ****   {
 343              		.loc 1 99 3 is_stmt 1 view .LVU91
 102:Core/Src/main.c ****     sen2 = HAL_GPIO_ReadPin(SenIN2_GPIO_Port,SenIN2_Pin);
 344              		.loc 1 102 5 view .LVU92
 102:Core/Src/main.c ****     sen2 = HAL_GPIO_ReadPin(SenIN2_GPIO_Port,SenIN2_Pin);
 345              		.loc 1 102 12 is_stmt 0 view .LVU93
 346 0024 254C     		ldr	r4, .L23
 347 0026 0121     		movs	r1, #1
 348 0028 2046     		mov	r0, r4
 349 002a FFF7FEFF 		bl	HAL_GPIO_ReadPin
 350              	.LVL13:
 102:Core/Src/main.c ****     sen2 = HAL_GPIO_ReadPin(SenIN2_GPIO_Port,SenIN2_Pin);
 351              		.loc 1 102 10 view .LVU94
 352 002e 244B     		ldr	r3, .L23+4
 353 0030 1870     		strb	r0, [r3]
 103:Core/Src/main.c ****     if (HAL_GPIO_ReadPin(SenIN1_GPIO_Port,SenIN1_Pin) == 0)
 354              		.loc 1 103 5 is_stmt 1 view .LVU95
 103:Core/Src/main.c ****     if (HAL_GPIO_ReadPin(SenIN1_GPIO_Port,SenIN1_Pin) == 0)
 355              		.loc 1 103 12 is_stmt 0 view .LVU96
 356 0032 0221     		movs	r1, #2
 357 0034 2046     		mov	r0, r4
 358 0036 FFF7FEFF 		bl	HAL_GPIO_ReadPin
 359              	.LVL14:
 103:Core/Src/main.c ****     if (HAL_GPIO_ReadPin(SenIN1_GPIO_Port,SenIN1_Pin) == 0)
 360              		.loc 1 103 10 view .LVU97
 361 003a 224B     		ldr	r3, .L23+8
 362 003c 1870     		strb	r0, [r3]
 104:Core/Src/main.c ****       {
 363              		.loc 1 104 5 is_stmt 1 view .LVU98
 104:Core/Src/main.c ****       {
 364              		.loc 1 104 9 is_stmt 0 view .LVU99
 365 003e 0121     		movs	r1, #1
 366 0040 2046     		mov	r0, r4
 367 0042 FFF7FEFF 		bl	HAL_GPIO_ReadPin
 368              	.LVL15:
 104:Core/Src/main.c ****       {
 369              		.loc 1 104 8 view .LVU100
 370 0046 0028     		cmp	r0, #0
 371 0048 E7D1     		bne	.L15
 107:Core/Src/main.c ****         if (HAL_GPIO_ReadPin(SenIN2_GPIO_Port,SenIN2_Pin) == 0 && in == 1)
 372              		.loc 1 107 9 is_stmt 1 view .LVU101
 107:Core/Src/main.c ****         if (HAL_GPIO_ReadPin(SenIN2_GPIO_Port,SenIN2_Pin) == 0 && in == 1)
ARM GAS  C:\Users\trand\AppData\Local\Temp\ccBJBiDa.s 			page 15


 373              		.loc 1 107 12 is_stmt 0 view .LVU102
 374 004a 1F4B     		ldr	r3, .L23+12
 375 004c 0122     		movs	r2, #1
 376 004e 1A70     		strb	r2, [r3]
 108:Core/Src/main.c ****               {
 377              		.loc 1 108 9 is_stmt 1 view .LVU103
 108:Core/Src/main.c ****               {
 378              		.loc 1 108 13 is_stmt 0 view .LVU104
 379 0050 0221     		movs	r1, #2
 380 0052 2046     		mov	r0, r4
 381 0054 FFF7FEFF 		bl	HAL_GPIO_ReadPin
 382              	.LVL16:
 108:Core/Src/main.c ****               {
 383              		.loc 1 108 12 view .LVU105
 384 0058 0028     		cmp	r0, #0
 385 005a D9D1     		bne	.L16
 108:Core/Src/main.c ****               {
 386              		.loc 1 108 70 discriminator 1 view .LVU106
 387 005c 1A4B     		ldr	r3, .L23+12
 388 005e 1B78     		ldrb	r3, [r3]	@ zero_extendqisi2
 108:Core/Src/main.c ****               {
 389              		.loc 1 108 64 discriminator 1 view .LVU107
 390 0060 012B     		cmp	r3, #1
 391 0062 D5D1     		bne	.L16
 111:Core/Src/main.c ****               in = 0;
 392              		.loc 1 111 15 is_stmt 1 view .LVU108
 111:Core/Src/main.c ****               in = 0;
 393              		.loc 1 111 20 is_stmt 0 view .LVU109
 394 0064 194A     		ldr	r2, .L23+16
 395 0066 1378     		ldrb	r3, [r2]	@ zero_extendqisi2
 396 0068 0133     		adds	r3, r3, #1
 397 006a 1370     		strb	r3, [r2]
 112:Core/Src/main.c ****               HAL_GPIO_WritePin(LedIn_GPIO_Port,LedIn_Pin,GPIO_PIN_SET);
 398              		.loc 1 112 15 is_stmt 1 view .LVU110
 112:Core/Src/main.c ****               HAL_GPIO_WritePin(LedIn_GPIO_Port,LedIn_Pin,GPIO_PIN_SET);
 399              		.loc 1 112 18 is_stmt 0 view .LVU111
 400 006c 164B     		ldr	r3, .L23+12
 401 006e 0022     		movs	r2, #0
 402 0070 1A70     		strb	r2, [r3]
 113:Core/Src/main.c ****               }  
 403              		.loc 1 113 15 is_stmt 1 view .LVU112
 404 0072 0122     		movs	r2, #1
 405 0074 0821     		movs	r1, #8
 406 0076 2046     		mov	r0, r4
 407 0078 FFF7FEFF 		bl	HAL_GPIO_WritePin
 408              	.LVL17:
 409 007c CDE7     		b	.L15
 410              	.L21:
 124:Core/Src/main.c ****         if (HAL_GPIO_ReadPin(SenIN1_GPIO_Port,SenIN1_Pin) == 0 && out == 1)
 411              		.loc 1 124 9 view .LVU113
 124:Core/Src/main.c ****         if (HAL_GPIO_ReadPin(SenIN1_GPIO_Port,SenIN1_Pin) == 0 && out == 1)
 412              		.loc 1 124 13 is_stmt 0 view .LVU114
 413 007e 0121     		movs	r1, #1
 414 0080 134B     		ldr	r3, .L23+20
 415 0082 1970     		strb	r1, [r3]
 125:Core/Src/main.c ****           {
 416              		.loc 1 125 9 is_stmt 1 view .LVU115
ARM GAS  C:\Users\trand\AppData\Local\Temp\ccBJBiDa.s 			page 16


 125:Core/Src/main.c ****           {
 417              		.loc 1 125 13 is_stmt 0 view .LVU116
 418 0084 0D48     		ldr	r0, .L23
 419 0086 FFF7FEFF 		bl	HAL_GPIO_ReadPin
 420              	.LVL18:
 125:Core/Src/main.c ****           {
 421              		.loc 1 125 12 view .LVU117
 422 008a 18B9     		cbnz	r0, .L18
 125:Core/Src/main.c ****           {
 423              		.loc 1 125 71 discriminator 1 view .LVU118
 424 008c 104B     		ldr	r3, .L23+20
 425 008e 1B78     		ldrb	r3, [r3]	@ zero_extendqisi2
 125:Core/Src/main.c ****           {
 426              		.loc 1 125 64 discriminator 1 view .LVU119
 427 0090 012B     		cmp	r3, #1
 428 0092 05D0     		beq	.L22
 429              	.L18:
 134:Core/Src/main.c ****           }
 430              		.loc 1 134 14 is_stmt 1 view .LVU120
 431 0094 0022     		movs	r2, #0
 432 0096 1021     		movs	r1, #16
 433 0098 0848     		ldr	r0, .L23
 434 009a FFF7FEFF 		bl	HAL_GPIO_WritePin
 435              	.LVL19:
 436 009e C1E7     		b	.L17
 437              	.L22:
 128:Core/Src/main.c ****             out = 0;
 438              		.loc 1 128 13 view .LVU121
 128:Core/Src/main.c ****             out = 0;
 439              		.loc 1 128 18 is_stmt 0 view .LVU122
 440 00a0 0A4A     		ldr	r2, .L23+16
 441 00a2 1378     		ldrb	r3, [r2]	@ zero_extendqisi2
 442 00a4 013B     		subs	r3, r3, #1
 443 00a6 1370     		strb	r3, [r2]
 129:Core/Src/main.c ****             HAL_GPIO_WritePin(LedOut_GPIO_Port,LedOut_Pin,GPIO_PIN_SET);
 444              		.loc 1 129 13 is_stmt 1 view .LVU123
 129:Core/Src/main.c ****             HAL_GPIO_WritePin(LedOut_GPIO_Port,LedOut_Pin,GPIO_PIN_SET);
 445              		.loc 1 129 17 is_stmt 0 view .LVU124
 446 00a8 094B     		ldr	r3, .L23+20
 447 00aa 0022     		movs	r2, #0
 448 00ac 1A70     		strb	r2, [r3]
 130:Core/Src/main.c ****           }  
 449              		.loc 1 130 13 is_stmt 1 view .LVU125
 450 00ae 0122     		movs	r2, #1
 451 00b0 1021     		movs	r1, #16
 452 00b2 0248     		ldr	r0, .L23
 453 00b4 FFF7FEFF 		bl	HAL_GPIO_WritePin
 454              	.LVL20:
 455 00b8 B4E7     		b	.L17
 456              	.L24:
 457 00ba 00BF     		.align	2
 458              	.L23:
 459 00bc 000C0140 		.word	1073810432
 460 00c0 00000000 		.word	sen1
 461 00c4 00000000 		.word	sen2
 462 00c8 00000000 		.word	in
 463 00cc 00000000 		.word	count
ARM GAS  C:\Users\trand\AppData\Local\Temp\ccBJBiDa.s 			page 17


 464 00d0 00000000 		.word	out
 465              		.cfi_endproc
 466              	.LFE68:
 468              		.global	sen2
 469              		.section	.bss.sen2,"aw",%nobits
 472              	sen2:
 473 0000 00       		.space	1
 474              		.global	sen1
 475              		.section	.bss.sen1,"aw",%nobits
 478              	sen1:
 479 0000 00       		.space	1
 480              		.global	out
 481              		.section	.bss.out,"aw",%nobits
 484              	out:
 485 0000 00       		.space	1
 486              		.global	in
 487              		.section	.bss.in,"aw",%nobits
 490              	in:
 491 0000 00       		.space	1
 492              		.global	count
 493              		.section	.bss.count,"aw",%nobits
 496              	count:
 497 0000 00       		.space	1
 498              		.text
 499              	.Letext0:
 500              		.file 3 "c:\\msys64\\mingw64\\arm-none-eabi\\include\\machine\\_default_types.h"
 501              		.file 4 "c:\\msys64\\mingw64\\arm-none-eabi\\include\\sys\\_stdint.h"
 502              		.file 5 "Drivers/CMSIS/Device/ST/STM32F1xx/Include/stm32f103xb.h"
 503              		.file 6 "Drivers/STM32F1xx_HAL_Driver/Inc/stm32f1xx_hal_def.h"
 504              		.file 7 "Drivers/STM32F1xx_HAL_Driver/Inc/stm32f1xx_hal_rcc.h"
 505              		.file 8 "Drivers/STM32F1xx_HAL_Driver/Inc/stm32f1xx_hal_rcc_ex.h"
 506              		.file 9 "Drivers/STM32F1xx_HAL_Driver/Inc/stm32f1xx_hal_gpio.h"
 507              		.file 10 "Drivers/STM32F1xx_HAL_Driver/Inc/stm32f1xx_hal.h"
 508              		.file 11 "<built-in>"
ARM GAS  C:\Users\trand\AppData\Local\Temp\ccBJBiDa.s 			page 18


DEFINED SYMBOLS
                            *ABS*:00000000 main.c
C:\Users\trand\AppData\Local\Temp\ccBJBiDa.s:19     .text.MX_GPIO_Init:00000000 $t
C:\Users\trand\AppData\Local\Temp\ccBJBiDa.s:24     .text.MX_GPIO_Init:00000000 MX_GPIO_Init
C:\Users\trand\AppData\Local\Temp\ccBJBiDa.s:143    .text.MX_GPIO_Init:0000007c $d
C:\Users\trand\AppData\Local\Temp\ccBJBiDa.s:149    .text.Error_Handler:00000000 $t
C:\Users\trand\AppData\Local\Temp\ccBJBiDa.s:155    .text.Error_Handler:00000000 Error_Handler
C:\Users\trand\AppData\Local\Temp\ccBJBiDa.s:187    .text.SystemClock_Config:00000000 $t
C:\Users\trand\AppData\Local\Temp\ccBJBiDa.s:193    .text.SystemClock_Config:00000000 SystemClock_Config
C:\Users\trand\AppData\Local\Temp\ccBJBiDa.s:298    .text.main:00000000 $t
C:\Users\trand\AppData\Local\Temp\ccBJBiDa.s:304    .text.main:00000000 main
C:\Users\trand\AppData\Local\Temp\ccBJBiDa.s:459    .text.main:000000bc $d
C:\Users\trand\AppData\Local\Temp\ccBJBiDa.s:478    .bss.sen1:00000000 sen1
C:\Users\trand\AppData\Local\Temp\ccBJBiDa.s:472    .bss.sen2:00000000 sen2
C:\Users\trand\AppData\Local\Temp\ccBJBiDa.s:490    .bss.in:00000000 in
C:\Users\trand\AppData\Local\Temp\ccBJBiDa.s:496    .bss.count:00000000 count
C:\Users\trand\AppData\Local\Temp\ccBJBiDa.s:484    .bss.out:00000000 out
C:\Users\trand\AppData\Local\Temp\ccBJBiDa.s:473    .bss.sen2:00000000 $d
C:\Users\trand\AppData\Local\Temp\ccBJBiDa.s:479    .bss.sen1:00000000 $d
C:\Users\trand\AppData\Local\Temp\ccBJBiDa.s:485    .bss.out:00000000 $d
C:\Users\trand\AppData\Local\Temp\ccBJBiDa.s:491    .bss.in:00000000 $d
C:\Users\trand\AppData\Local\Temp\ccBJBiDa.s:497    .bss.count:00000000 $d

UNDEFINED SYMBOLS
HAL_GPIO_WritePin
HAL_GPIO_Init
memset
HAL_RCC_OscConfig
HAL_RCC_ClockConfig
HAL_Init
HAL_GPIO_ReadPin
